# JRE version: Java(TM) SE Runtime Environment (8.0_161-b12) (build 1.8.0_161-b12)
# Java VM: Java HotSpot(TM) 64-Bit Server VM (25.161-b12 mixed mode windows-amd64 compressed oops)
Heap:
 PSYoungGen      total 140800K, used 18224K [0x00000000d6580000, 0x00000000e7980000, 0x0000000100000000)
  eden space 130048K, 15% used [0x00000000d6580000,0x00000000d79d1b30,0x00000000de480000)
  from space 10752K, 0% used [0x00000000de480000,0x00000000de480000,0x00000000def00000)
  to   space 11264K, 0% used [0x00000000e6e80000,0x00000000e6e80000,0x00000000e7980000)
 ParOldGen       total 71680K, used 15727K [0x0000000083000000, 0x0000000087600000, 0x00000000d6580000)
  object space 71680K, 21% used [0x0000000083000000,0x0000000083f5bc68,0x0000000087600000)
 Metaspace       used 23157K, capacity 23782K, committed 24064K, reserved 1071104K
  class space    used 2799K, capacity 2961K, committed 3072K, reserved 1048576K
GC Heap History (10 events):
Event: 1.693 GC heap before
{Heap before GC invocations=4 (full 0):
 PSYoungGen      total 37888K, used 37859K [0x00000000d6580000, 0x00000000daf80000, 0x0000000100000000)
  eden space 32768K, 100% used [0x00000000d6580000,0x00000000d8580000,0x00000000d8580000)
  from space 5120K, 99% used [0x00000000d8580000,0x00000000d8a78f98,0x00000000d8a80000)
  to   space 5120K, 0% used [0x00000000daa80000,0x00000000daa80000,0x00000000daf80000)
 ParOldGen       total 86016K, used 4949K [0x0000000083000000, 0x0000000088400000, 0x00000000d6580000)
  object space 86016K, 5% used [0x0000000083000000,0x00000000834d5548,0x0000000088400000)
 Metaspace       used 15423K, capacity 15672K, committed 15872K, reserved 1062912K
  class space    used 1871K, capacity 1946K, committed 2048K, reserved 1048576K
Event: 1.701 GC heap after
Heap after GC invocations=4 (full 0):
 PSYoungGen      total 70656K, used 5088K [0x00000000d6580000, 0x00000000daf80000, 0x0000000100000000)
  eden space 65536K, 0% used [0x00000000d6580000,0x00000000d6580000,0x00000000da580000)
  from space 5120K, 99% used [0x00000000daa80000,0x00000000daf78040,0x00000000daf80000)
  to   space 5120K, 0% used [0x00000000da580000,0x00000000da580000,0x00000000daa80000)
 ParOldGen       total 86016K, used 6834K [0x0000000083000000, 0x0000000088400000, 0x00000000d6580000)
  object space 86016K, 7% used [0x0000000083000000,0x00000000836ac8d8,0x0000000088400000)
 Metaspace       used 15423K, capacity 15672K, committed 15872K, reserved 1062912K
  class space    used 1871K, capacity 1946K, committed 2048K, reserved 1048576K
}
Event: 2.496 GC heap before
{Heap before GC invocations=5 (full 0):
 PSYoungGen      total 70656K, used 70624K [0x00000000d6580000, 0x00000000daf80000, 0x0000000100000000)
  eden space 65536K, 100% used [0x00000000d6580000,0x00000000da580000,0x00000000da580000)
  from space 5120K, 99% used [0x00000000daa80000,0x00000000daf78040,0x00000000daf80000)
  to   space 5120K, 0% used [0x00000000da580000,0x00000000da580000,0x00000000daa80000)
 ParOldGen       total 86016K, used 6834K [0x0000000083000000, 0x0000000088400000, 0x00000000d6580000)
  object space 86016K, 7% used [0x0000000083000000,0x00000000836ac8d8,0x0000000088400000)
 Metaspace       used 16263K, capacity 16554K, committed 16640K, reserved 1064960K
  class space    used 1919K, capacity 2019K, committed 2048K, reserved 1048576K
Event: 2.504 GC heap after
Heap after GC invocations=5 (full 0):
 PSYoungGen      total 70656K, used 5120K [0x00000000d6580000, 0x00000000df880000, 0x0000000100000000)
  eden space 65536K, 0% used [0x00000000d6580000,0x00000000d6580000,0x00000000da580000)
  from space 5120K, 100% used [0x00000000da580000,0x00000000daa80000,0x00000000daa80000)
  to   space 9728K, 0% used [0x00000000def00000,0x00000000def00000,0x00000000df880000)
 ParOldGen       total 86016K, used 10510K [0x0000000083000000, 0x0000000088400000, 0x00000000d6580000)
  object space 86016K, 12% used [0x0000000083000000,0x0000000083a439b8,0x0000000088400000)
 Metaspace       used 16263K, capacity 16554K, committed 16640K, reserved 1064960K
  class space    used 1919K, capacity 2019K, committed 2048K, reserved 1048576K
}
Event: 3.270 GC heap before
{Heap before GC invocations=6 (full 0):
 PSYoungGen      total 70656K, used 70656K [0x00000000d6580000, 0x00000000df880000, 0x0000000100000000)
  eden space 65536K, 100% used [0x00000000d6580000,0x00000000da580000,0x00000000da580000)
  from space 5120K, 100% used [0x00000000da580000,0x00000000daa80000,0x00000000daa80000)
  to   space 9728K, 0% used [0x00000000def00000,0x00000000def00000,0x00000000df880000)
 ParOldGen       total 86016K, used 10510K [0x0000000083000000, 0x0000000088400000, 0x00000000d6580000)
  object space 86016K, 12% used [0x0000000083000000,0x0000000083a439b8,0x0000000088400000)
 Metaspace       used 18206K, capacity 18666K, committed 18688K, reserved 1064960K
  class space    used 2197K, capacity 2297K, committed 2304K, reserved 1048576K
Event: 3.280 GC heap after
Heap after GC invocations=6 (full 0):
 PSYoungGen      total 139776K, used 9724K [0x00000000d6580000, 0x00000000dfa80000, 0x0000000100000000)
  eden space 130048K, 0% used [0x00000000d6580000,0x00000000d6580000,0x00000000de480000)
  from space 9728K, 99% used [0x00000000def00000,0x00000000df87f2f8,0x00000000df880000)
  to   space 10752K, 0% used [0x00000000de480000,0x00000000de480000,0x00000000def00000)
 ParOldGen       total 86016K, used 10719K [0x0000000083000000, 0x0000000088400000, 0x00000000d6580000)
  object space 86016K, 12% used [0x0000000083000000,0x0000000083a77c58,0x0000000088400000)
 Metaspace       used 18206K, capacity 18666K, committed 18688K, reserved 1064960K
  class space    used 2197K, capacity 2297K, committed 2304K, reserved 1048576K
}
Event: 4.018 GC heap before
{Heap before GC invocations=7 (full 0):
 PSYoungGen      total 139776K, used 43444K [0x00000000d6580000, 0x00000000dfa80000, 0x0000000100000000)
  eden space 130048K, 25% used [0x00000000d6580000,0x00000000d866dda8,0x00000000de480000)
  from space 9728K, 99% used [0x00000000def00000,0x00000000df87f2f8,0x00000000df880000)
  to   space 10752K, 0% used [0x00000000de480000,0x00000000de480000,0x00000000def00000)
 ParOldGen       total 86016K, used 10719K [0x0000000083000000, 0x0000000088400000, 0x00000000d6580000)
  object space 86016K, 12% used [0x0000000083000000,0x0000000083a77c58,0x0000000088400000)
 Metaspace       used 20580K, capacity 21126K, committed 21296K, reserved 1069056K
  class space    used 2475K, capacity 2609K, committed 2688K, reserved 1048576K
Event: 4.028 GC heap after
Heap after GC invocations=7 (full 0):
 PSYoungGen      total 140800K, used 8620K [0x00000000d6580000, 0x00000000e7980000, 0x0000000100000000)
  eden space 130048K, 0% used [0x00000000d6580000,0x00000000d6580000,0x00000000de480000)
  from space 10752K, 80% used [0x00000000de480000,0x00000000deceb190,0x00000000def00000)
  to   space 11264K, 0% used [0x00000000e6e80000,0x00000000e6e80000,0x00000000e7980000)
 ParOldGen       total 86016K, used 12557K [0x0000000083000000, 0x0000000088400000, 0x00000000d6580000)
  object space 86016K, 14% used [0x0000000083000000,0x0000000083c43538,0x0000000088400000)
 Metaspace       used 20580K, capacity 21126K, committed 21296K, reserved 1069056K
  class space    used 2475K, capacity 2609K, committed 2688K, reserved 1048576K
}
Event: 4.028 GC heap before
{Heap before GC invocations=8 (full 1):
 PSYoungGen      total 140800K, used 8620K [0x00000000d6580000, 0x00000000e7980000, 0x0000000100000000)
  eden space 130048K, 0% used [0x00000000d6580000,0x00000000d6580000,0x00000000de480000)
  from space 10752K, 80% used [0x00000000de480000,0x00000000deceb190,0x00000000def00000)
  to   space 11264K, 0% used [0x00000000e6e80000,0x00000000e6e80000,0x00000000e7980000)
 ParOldGen       total 86016K, used 12557K [0x0000000083000000, 0x0000000088400000, 0x00000000d6580000)
  object space 86016K, 14% used [0x0000000083000000,0x0000000083c43538,0x0000000088400000)
 Metaspace       used 20580K, capacity 21126K, committed 21296K, reserved 1069056K
  class space    used 2475K, capacity 2609K, committed 2688K, reserved 1048576K
Event: 4.092 GC heap after
Heap after GC invocations=8 (full 1):
 PSYoungGen      total 140800K, used 0K [0x00000000d6580000, 0x00000000e7980000, 0x0000000100000000)
  eden space 130048K, 0% used [0x00000000d6580000,0x00000000d6580000,0x00000000de480000)
  from space 10752K, 0% used [0x00000000de480000,0x00000000de480000,0x00000000def00000)
  to   space 11264K, 0% used [0x00000000e6e80000,0x00000000e6e80000,0x00000000e7980000)
 ParOldGen       total 71680K, used 15727K [0x0000000083000000, 0x0000000087600000, 0x00000000d6580000)
  object space 71680K, 21% used [0x0000000083000000,0x0000000083f5bc68,0x0000000087600000)
 Metaspace       used 20580K, capacity 21126K, committed 21296K, reserved 1069056K
  class space    used 2475K, capacity 2609K, committed 2688K, reserved 1048576K
}

