# JRE version: Java(TM) SE Runtime Environment (9.0+11) (build 9.0.1+11)
# Java VM: Java HotSpot(TM) 64-Bit Server VM (9.0.1+11, mixed mode, tiered, compressed oops, g1 gc, windows-amd64)
Heap:
 garbage-first heap   total 155648K, used 22219K [0x0000000083000000, 0x00000000831004c0, 0x0000000100000000)
  region size 1024K, 8 young (8192K), 8 survivors (8192K)
 Metaspace       used 34518K, capacity 35336K, committed 35456K, reserved 1081344K
  class space    used 3985K, capacity 4198K, committed 4224K, reserved 1048576K
GC Heap History (10 events):
Event: 0.744 GC heap after
{Heap after GC invocations=1 (full 0):
 garbage-first heap   total 129024K, used 8678K [0x0000000083000000, 0x00000000831003f0, 0x0000000100000000)
  region size 1024K, 3 young (3072K), 3 survivors (3072K)
 Metaspace       used 9558K, capacity 9826K, committed 9984K, reserved 1058816K
  class space    used 917K, capacity 963K, committed 1024K, reserved 1048576K
}
Event: 1.037 GC heap before
{Heap before GC invocations=1 (full 0):
 garbage-first heap   total 129024K, used 31206K [0x0000000083000000, 0x00000000831003f0, 0x0000000100000000)
  region size 1024K, 25 young (25600K), 3 survivors (3072K)
 Metaspace       used 12697K, capacity 13196K, committed 13312K, reserved 1060864K
  class space    used 1316K, capacity 1438K, committed 1536K, reserved 1048576K
}
Event: 1.042 GC heap after
{Heap after GC invocations=2 (full 0):
 garbage-first heap   total 129024K, used 10892K [0x0000000083000000, 0x00000000831003f0, 0x0000000100000000)
  region size 1024K, 3 young (3072K), 3 survivors (3072K)
 Metaspace       used 12697K, capacity 13196K, committed 13312K, reserved 1060864K
  class space    used 1316K, capacity 1438K, committed 1536K, reserved 1048576K
}
Event: 1.772 GC heap before
{Heap before GC invocations=2 (full 0):
 garbage-first heap   total 129024K, used 60044K [0x0000000083000000, 0x00000000831003f0, 0x0000000100000000)
  region size 1024K, 51 young (52224K), 3 survivors (3072K)
 Metaspace       used 18014K, capacity 18538K, committed 18816K, reserved 1067008K
  class space    used 2012K, capacity 2147K, committed 2176K, reserved 1048576K
}
Event: 1.778 GC heap after
{Heap after GC invocations=3 (full 0):
 garbage-first heap   total 129024K, used 15001K [0x0000000083000000, 0x00000000831003f0, 0x0000000100000000)
  region size 1024K, 7 young (7168K), 7 survivors (7168K)
 Metaspace       used 18014K, capacity 18538K, committed 18816K, reserved 1067008K
  class space    used 2012K, capacity 2147K, committed 2176K, reserved 1048576K
}
Event: 2.517 GC heap before
{Heap before GC invocations=3 (full 0):
 garbage-first heap   total 129024K, used 79513K [0x0000000083000000, 0x00000000831003f0, 0x0000000100000000)
  region size 1024K, 71 young (72704K), 7 survivors (7168K)
 Metaspace       used 20635K, capacity 21118K, committed 21296K, reserved 1069056K
  class space    used 2224K, capacity 2355K, committed 2432K, reserved 1048576K
}
Event: 2.522 GC heap after
{Heap after GC invocations=4 (full 0):
 garbage-first heap   total 129024K, used 13836K [0x0000000083000000, 0x00000000831003f0, 0x0000000100000000)
  region size 1024K, 4 young (4096K), 4 survivors (4096K)
 Metaspace       used 20635K, capacity 21118K, committed 21296K, reserved 1069056K
  class space    used 2224K, capacity 2355K, committed 2432K, reserved 1048576K
}
Event: 3.301 GC heap before
{Heap before GC invocations=5 (full 0):
 garbage-first heap   total 129024K, used 86540K [0x0000000083000000, 0x00000000831003f0, 0x0000000100000000)
  region size 1024K, 75 young (76800K), 4 survivors (4096K)
 Metaspace       used 26586K, capacity 27184K, committed 27520K, reserved 1073152K
  class space    used 2971K, capacity 3116K, committed 3200K, reserved 1048576K
}
Event: 3.309 GC heap after
{Heap after GC invocations=6 (full 0):
 garbage-first heap   total 129024K, used 18642K [0x0000000083000000, 0x00000000831003f0, 0x0000000100000000)
  region size 1024K, 9 young (9216K), 9 survivors (9216K)
 Metaspace       used 26586K, capacity 27184K, committed 27520K, reserved 1073152K
  class space    used 2971K, capacity 3116K, committed 3200K, reserved 1048576K
}
Event: 47.625 GC heap before
{Heap before GC invocations=6 (full 0):
 garbage-first heap   total 129024K, used 86226K [0x0000000083000000, 0x00000000831003f0, 0x0000000100000000)
  region size 1024K, 75 young (76800K), 9 survivors (9216K)
 Metaspace       used 34518K, capacity 35336K, committed 35456K, reserved 1081344K
  class space    used 3985K, capacity 4198K, committed 4224K, reserved 1048576K
}

