# JRE version: Java(TM) SE Runtime Environment (9.0+11) (build 9.0.1+11)
# Java VM: Java HotSpot(TM) 64-Bit Server VM (9.0.1+11, mixed mode, tiered, compressed oops, g1 gc, windows-amd64)
Heap:
 garbage-first heap   total 155648K, used 36134K [0x0000000083000000, 0x00000000831004c0, 0x0000000100000000)
  region size 1024K, 22 young (22528K), 7 survivors (7168K)
 Metaspace       used 34899K, capacity 35832K, committed 35920K, reserved 1081344K
  class space    used 3970K, capacity 4196K, committed 4224K, reserved 1048576K
GC Heap History (10 events):
Event: 1.944 GC heap before
{Heap before GC invocations=2 (full 0):
 garbage-first heap   total 129024K, used 53008K [0x0000000083000000, 0x00000000831003f0, 0x0000000100000000)
  region size 1024K, 44 young (45056K), 2 survivors (2048K)
 Metaspace       used 17093K, capacity 17632K, committed 17920K, reserved 1064960K
  class space    used 1900K, capacity 2018K, committed 2048K, reserved 1048576K
}
Event: 1.949 GC heap after
{Heap after GC invocations=3 (full 0):
 garbage-first heap   total 129024K, used 14340K [0x0000000083000000, 0x00000000831003f0, 0x0000000100000000)
  region size 1024K, 6 young (6144K), 6 survivors (6144K)
 Metaspace       used 17093K, capacity 17632K, committed 17920K, reserved 1064960K
  class space    used 1900K, capacity 2018K, committed 2048K, reserved 1048576K
}
Event: 2.665 GC heap before
{Heap before GC invocations=3 (full 0):
 garbage-first heap   total 129024K, used 81924K [0x0000000083000000, 0x00000000831003f0, 0x0000000100000000)
  region size 1024K, 72 young (73728K), 6 survivors (6144K)
 Metaspace       used 19617K, capacity 20180K, committed 20480K, reserved 1067008K
  class space    used 2133K, capacity 2258K, committed 2304K, reserved 1048576K
}
Event: 2.671 GC heap after
{Heap after GC invocations=4 (full 0):
 garbage-first heap   total 129024K, used 14410K [0x0000000083000000, 0x00000000831003f0, 0x0000000100000000)
  region size 1024K, 4 young (4096K), 4 survivors (4096K)
 Metaspace       used 19617K, capacity 20180K, committed 20480K, reserved 1067008K
  class space    used 2133K, capacity 2258K, committed 2304K, reserved 1048576K
}
Event: 2.916 GC heap before
{Heap before GC invocations=4 (full 0):
 garbage-first heap   total 129024K, used 48202K [0x0000000083000000, 0x00000000831003f0, 0x0000000100000000)
  region size 1024K, 38 young (38912K), 4 survivors (4096K)
 Metaspace       used 20572K, capacity 21114K, committed 21296K, reserved 1069056K
  class space    used 2213K, capacity 2355K, committed 2432K, reserved 1048576K
}
Event: 2.919 GC heap after
{Heap after GC invocations=5 (full 0):
 garbage-first heap   total 155648K, used 13101K [0x0000000083000000, 0x00000000831004c0, 0x0000000100000000)
  region size 1024K, 3 young (3072K), 3 survivors (3072K)
 Metaspace       used 20572K, capacity 21114K, committed 21296K, reserved 1069056K
  class space    used 2213K, capacity 2355K, committed 2432K, reserved 1048576K
}
Event: 3.758 GC heap before
{Heap before GC invocations=6 (full 0):
 garbage-first heap   total 155648K, used 103213K [0x0000000083000000, 0x00000000831004c0, 0x0000000100000000)
  region size 1024K, 91 young (93184K), 3 survivors (3072K)
 Metaspace       used 26572K, capacity 27164K, committed 27520K, reserved 1073152K
  class space    used 2965K, capacity 3114K, committed 3200K, reserved 1048576K
}
Event: 3.764 GC heap after
{Heap after GC invocations=7 (full 0):
 garbage-first heap   total 155648K, used 19327K [0x0000000083000000, 0x00000000831004c0, 0x0000000100000000)
  region size 1024K, 9 young (9216K), 9 survivors (9216K)
 Metaspace       used 26572K, capacity 27164K, committed 27520K, reserved 1073152K
  class space    used 2965K, capacity 3114K, committed 3200K, reserved 1048576K
}
Event: 57.340 GC heap before
{Heap before GC invocations=7 (full 0):
 garbage-first heap   total 155648K, used 103295K [0x0000000083000000, 0x00000000831004c0, 0x0000000100000000)
  region size 1024K, 91 young (93184K), 9 survivors (9216K)
 Metaspace       used 34846K, capacity 35700K, committed 35920K, reserved 1081344K
  class space    used 3969K, capacity 4196K, committed 4224K, reserved 1048576K
}
Event: 57.350 GC heap after
{Heap after GC invocations=8 (full 0):
 garbage-first heap   total 155648K, used 21798K [0x0000000083000000, 0x00000000831004c0, 0x0000000100000000)
  region size 1024K, 7 young (7168K), 7 survivors (7168K)
 Metaspace       used 34846K, capacity 35700K, committed 35920K, reserved 1081344K
  class space    used 3969K, capacity 4196K, committed 4224K, reserved 1048576K
}

